# JRE version: Java(TM) SE Runtime Environment (7.0_79-b15) (build 1.7.0_79-b15)
# Java VM: Java HotSpot(TM) 64-Bit Server VM (24.79-b02 mixed mode windows-amd64 compressed oops)
Heap
 PSYoungGen      total 142848K, used 70189K [0x00000000eaa80000, 0x00000000f5900000, 0x0000000100000000)
  eden space 124928K, 53% used [0x00000000eaa80000,0x00000000eeb6b4e0,0x00000000f2480000)
  from space 17920K, 20% used [0x00000000f3500000,0x00000000f38a0000,0x00000000f4680000)
  to   space 16896K, 0% used [0x00000000f2480000,0x00000000f2480000,0x00000000f3500000)
 ParOldGen       total 67072K, used 36343K [0x00000000c0000000, 0x00000000c4180000, 0x00000000eaa80000)
  object space 67072K, 54% used [0x00000000c0000000,0x00000000c237dfa0,0x00000000c4180000)
 PSPermGen       total 91136K, used 43530K [0x00000000b0000000, 0x00000000b5900000, 0x00000000c0000000)
  object space 91136K, 47% used [0x00000000b0000000,0x00000000b2a82888,0x00000000b5900000)
GC Heap History (10 events):
Event: 63.957 GC heap before
{Heap before GC invocations=18 (full 0):
 PSYoungGen      total 113664K, used 113661K [0x00000000eaa80000, 0x00000000f5280000, 0x0000000100000000)
  eden space 104448K, 100% used [0x00000000eaa80000,0x00000000f1080000,0x00000000f1080000)
  from space 9216K, 99% used [0x00000000f1080000,0x00000000f197f7a8,0x00000000f1980000)
  to   space 12800K, 0% used [0x00000000f4600000,0x00000000f4600000,0x00000000f5280000)
 ParOldGen       total 41472K, used 25736K [0x00000000c0000000, 0x00000000c2880000, 0x00000000eaa80000)
  object space 41472K, 62% used [0x00000000c0000000,0x00000000c1922318,0x00000000c2880000)
 PSPermGen       total 40448K, used 39997K [0x00000000b0000000, 0x00000000b2780000, 0x00000000c0000000)
  object space 40448K, 98% used [0x00000000b0000000,0x00000000b270f610,0x00000000b2780000)
Event: 63.994 GC heap after
Heap after GC invocations=18 (full 0):
 PSYoungGen      total 113152K, used 12771K [0x00000000eaa80000, 0x00000000f5280000, 0x0000000100000000)
  eden space 100352K, 0% used [0x00000000eaa80000,0x00000000eaa80000,0x00000000f0c80000)
  from space 12800K, 99% used [0x00000000f4600000,0x00000000f5278c30,0x00000000f5280000)
  to   space 18432K, 0% used [0x00000000f2e80000,0x00000000f2e80000,0x00000000f4080000)
 ParOldGen       total 41472K, used 34826K [0x00000000c0000000, 0x00000000c2880000, 0x00000000eaa80000)
  object space 41472K, 83% used [0x00000000c0000000,0x00000000c22028e8,0x00000000c2880000)
 PSPermGen       total 40448K, used 39997K [0x00000000b0000000, 0x00000000b2780000, 0x00000000c0000000)
  object space 40448K, 98% used [0x00000000b0000000,0x00000000b270f610,0x00000000b2780000)
}
Event: 64.017 GC heap before
{Heap before GC invocations=19 (full 1):
 PSYoungGen      total 113152K, used 12771K [0x00000000eaa80000, 0x00000000f5280000, 0x0000000100000000)
  eden space 100352K, 0% used [0x00000000eaa80000,0x00000000eaa80000,0x00000000f0c80000)
  from space 12800K, 99% used [0x00000000f4600000,0x00000000f5278c30,0x00000000f5280000)
  to   space 18432K, 0% used [0x00000000f2e80000,0x00000000f2e80000,0x00000000f4080000)
 ParOldGen       total 41472K, used 34826K [0x00000000c0000000, 0x00000000c2880000, 0x00000000eaa80000)
  object space 41472K, 83% used [0x00000000c0000000,0x00000000c22028e8,0x00000000c2880000)
 PSPermGen       total 40448K, used 39997K [0x00000000b0000000, 0x00000000b2780000, 0x00000000c0000000)
  object space 40448K, 98% used [0x00000000b0000000,0x00000000b270f610,0x00000000b2780000)
Event: 64.534 GC heap after
Heap after GC invocations=19 (full 1):
 PSYoungGen      total 113152K, used 0K [0x00000000eaa80000, 0x00000000f5280000, 0x0000000100000000)
  eden space 100352K, 0% used [0x00000000eaa80000,0x00000000eaa80000,0x00000000f0c80000)
  from space 12800K, 0% used [0x00000000f4600000,0x00000000f4600000,0x00000000f5280000)
  to   space 18432K, 0% used [0x00000000f2e80000,0x00000000f2e80000,0x00000000f4080000)
 ParOldGen       total 67072K, used 35699K [0x00000000c0000000, 0x00000000c4180000, 0x00000000eaa80000)
  object space 67072K, 53% used [0x00000000c0000000,0x00000000c22dccd8,0x00000000c4180000)
 PSPermGen       total 80384K, used 39958K [0x00000000b0000000, 0x00000000b4e80000, 0x00000000c0000000)
  object space 80384K, 49% used [0x00000000b0000000,0x00000000b2705960,0x00000000b4e80000)
}
Event: 66.872 GC heap before
{Heap before GC invocations=20 (full 1):
 PSYoungGen      total 113152K, used 48169K [0x00000000eaa80000, 0x00000000f5280000, 0x0000000100000000)
  eden space 100352K, 48% used [0x00000000eaa80000,0x00000000ed98a498,0x00000000f0c80000)
  from space 12800K, 0% used [0x00000000f4600000,0x00000000f4600000,0x00000000f5280000)
  to   space 18432K, 0% used [0x00000000f2e80000,0x00000000f2e80000,0x00000000f4080000)
 ParOldGen       total 67072K, used 35699K [0x00000000c0000000, 0x00000000c4180000, 0x00000000eaa80000)
  object space 67072K, 53% used [0x00000000c0000000,0x00000000c22dccd8,0x00000000c4180000)
 PSPermGen       total 80384K, used 41449K [0x00000000b0000000, 0x00000000b4e80000, 0x00000000c0000000)
  object space 80384K, 51% used [0x00000000b0000000,0x00000000b287a680,0x00000000b4e80000)
Event: 66.886 GC heap after
Heap after GC invocations=20 (full 1):
 PSYoungGen      total 126464K, used 4502K [0x00000000eaa80000, 0x00000000f4680000, 0x0000000100000000)
  eden space 121856K, 0% used [0x00000000eaa80000,0x00000000eaa80000,0x00000000f2180000)
  from space 4608K, 97% used [0x00000000f2e80000,0x00000000f32e5b78,0x00000000f3300000)
  to   space 17920K, 0% used [0x00000000f3500000,0x00000000f3500000,0x00000000f4680000)
 ParOldGen       total 67072K, used 35699K [0x00000000c0000000, 0x00000000c4180000, 0x00000000eaa80000)
  object space 67072K, 53% used [0x00000000c0000000,0x00000000c22dccd8,0x00000000c4180000)
 PSPermGen       total 80384K, used 41449K [0x00000000b0000000, 0x00000000b4e80000, 0x00000000c0000000)
  object space 80384K, 51% used [0x00000000b0000000,0x00000000b287a680,0x00000000b4e80000)
}
Event: 66.886 GC heap before
{Heap before GC invocations=21 (full 2):
 PSYoungGen      total 126464K, used 4502K [0x00000000eaa80000, 0x00000000f4680000, 0x0000000100000000)
  eden space 121856K, 0% used [0x00000000eaa80000,0x00000000eaa80000,0x00000000f2180000)
  from space 4608K, 97% used [0x00000000f2e80000,0x00000000f32e5b78,0x00000000f3300000)
  to   space 17920K, 0% used [0x00000000f3500000,0x00000000f3500000,0x00000000f4680000)
 ParOldGen       total 67072K, used 35699K [0x00000000c0000000, 0x00000000c4180000, 0x00000000eaa80000)
  object space 67072K, 53% used [0x00000000c0000000,0x00000000c22dccd8,0x00000000c4180000)
 PSPermGen       total 80384K, used 41449K [0x00000000b0000000, 0x00000000b4e80000, 0x00000000c0000000)
  object space 80384K, 51% used [0x00000000b0000000,0x00000000b287a680,0x00000000b4e80000)
Event: 67.227 GC heap after
Heap after GC invocations=21 (full 2):
 PSYoungGen      total 126464K, used 0K [0x00000000eaa80000, 0x00000000f4680000, 0x0000000100000000)
  eden space 121856K, 0% used [0x00000000eaa80000,0x00000000eaa80000,0x00000000f2180000)
  from space 4608K, 0% used [0x00000000f2e80000,0x00000000f2e80000,0x00000000f3300000)
  to   space 17920K, 0% used [0x00000000f3500000,0x00000000f3500000,0x00000000f4680000)
 ParOldGen       total 67072K, used 36343K [0x00000000c0000000, 0x00000000c4180000, 0x00000000eaa80000)
  object space 67072K, 54% used [0x00000000c0000000,0x00000000c237dfa0,0x00000000c4180000)
 PSPermGen       total 91136K, used 41448K [0x00000000b0000000, 0x00000000b5900000, 0x00000000c0000000)
  object space 91136K, 45% used [0x00000000b0000000,0x00000000b287a228,0x00000000b5900000)
}
Event: 768.398 GC heap before
{Heap before GC invocations=22 (full 2):
 PSYoungGen      total 126464K, used 121856K [0x00000000eaa80000, 0x00000000f4680000, 0x0000000100000000)
  eden space 121856K, 100% used [0x00000000eaa80000,0x00000000f2180000,0x00000000f2180000)
  from space 4608K, 0% used [0x00000000f2e80000,0x00000000f2e80000,0x00000000f3300000)
  to   space 17920K, 0% used [0x00000000f3500000,0x00000000f3500000,0x00000000f4680000)
 ParOldGen       total 67072K, used 36343K [0x00000000c0000000, 0x00000000c4180000, 0x00000000eaa80000)
  object space 67072K, 54% used [0x00000000c0000000,0x00000000c237dfa0,0x00000000c4180000)
 PSPermGen       total 91136K, used 43425K [0x00000000b0000000, 0x00000000b5900000, 0x00000000c0000000)
  object space 91136K, 47% used [0x00000000b0000000,0x00000000b2a68678,0x00000000b5900000)
Event: 768.410 GC heap after
Heap after GC invocations=22 (full 2):
 PSYoungGen      total 142848K, used 3712K [0x00000000eaa80000, 0x00000000f5900000, 0x0000000100000000)
  eden space 124928K, 0% used [0x00000000eaa80000,0x00000000eaa80000,0x00000000f2480000)
  from space 17920K, 20% used [0x00000000f3500000,0x00000000f38a0000,0x00000000f4680000)
  to   space 16896K, 0% used [0x00000000f2480000,0x00000000f2480000,0x00000000f3500000)
 ParOldGen       total 67072K, used 36343K [0x00000000c0000000, 0x00000000c4180000, 0x00000000eaa80000)
  object space 67072K, 54% used [0x00000000c0000000,0x00000000c237dfa0,0x00000000c4180000)
 PSPermGen       total 91136K, used 43425K [0x00000000b0000000, 0x00000000b5900000, 0x00000000c0000000)
  object space 91136K, 47% used [0x00000000b0000000,0x00000000b2a68678,0x00000000b5900000)
}

