# JRE version: Java(TM) SE Runtime Environment (7.0_79-b15) (build 1.7.0_79-b15)
# Java VM: Java HotSpot(TM) 64-Bit Server VM (24.79-b02 mixed mode windows-amd64 compressed oops)
Heap
 PSYoungGen      total 146944K, used 83995K [0x00000000eaa80000, 0x00000000f5680000, 0x0000000100000000)
  eden space 126464K, 64% used [0x00000000eaa80000,0x00000000ef9f2e28,0x00000000f2600000)
  from space 20480K, 12% used [0x00000000f3980000,0x00000000f3c14010,0x00000000f4d80000)
  to   space 19968K, 0% used [0x00000000f2600000,0x00000000f2600000,0x00000000f3980000)
 ParOldGen       total 120832K, used 39484K [0x00000000c0000000, 0x00000000c7600000, 0x00000000eaa80000)
  object space 120832K, 32% used [0x00000000c0000000,0x00000000c268f1a8,0x00000000c7600000)
 PSPermGen       total 84992K, used 52676K [0x00000000b0000000, 0x00000000b5300000, 0x00000000c0000000)
  object space 84992K, 61% used [0x00000000b0000000,0x00000000b3371040,0x00000000b5300000)
GC Heap History (10 events):
Event: 3071.720 GC heap before
{Heap before GC invocations=16 (full 5):
 PSYoungGen      total 135680K, used 4397K [0x00000000eaa80000, 0x00000000f6280000, 0x0000000100000000)
  eden space 113152K, 0% used [0x00000000eaa80000,0x00000000eaa80000,0x00000000f1900000)
  from space 22528K, 19% used [0x00000000f1900000,0x00000000f1d4b528,0x00000000f2f00000)
  to   space 22016K, 0% used [0x00000000f4d00000,0x00000000f4d00000,0x00000000f6280000)
 ParOldGen       total 120832K, used 41054K [0x00000000c0000000, 0x00000000c7600000, 0x00000000eaa80000)
  object space 120832K, 33% used [0x00000000c0000000,0x00000000c28178a8,0x00000000c7600000)
 PSPermGen       total 91136K, used 47631K [0x00000000b0000000, 0x00000000b5900000, 0x00000000c0000000)
  object space 91136K, 52% used [0x00000000b0000000,0x00000000b2e83e58,0x00000000b5900000)
Event: 3072.275 GC heap after
Heap after GC invocations=16 (full 5):
 PSYoungGen      total 135680K, used 0K [0x00000000eaa80000, 0x00000000f6280000, 0x0000000100000000)
  eden space 113152K, 0% used [0x00000000eaa80000,0x00000000eaa80000,0x00000000f1900000)
  from space 22528K, 0% used [0x00000000f1900000,0x00000000f1900000,0x00000000f2f00000)
  to   space 22016K, 0% used [0x00000000f4d00000,0x00000000f4d00000,0x00000000f6280000)
 ParOldGen       total 120832K, used 35272K [0x00000000c0000000, 0x00000000c7600000, 0x00000000eaa80000)
  object space 120832K, 29% used [0x00000000c0000000,0x00000000c2272298,0x00000000c7600000)
 PSPermGen       total 87552K, used 46855K [0x00000000b0000000, 0x00000000b5580000, 0x00000000c0000000)
  object space 87552K, 53% used [0x00000000b0000000,0x00000000b2dc1e40,0x00000000b5580000)
}
Event: 3736.962 GC heap before
{Heap before GC invocations=17 (full 5):
 PSYoungGen      total 135680K, used 113152K [0x00000000eaa80000, 0x00000000f6280000, 0x0000000100000000)
  eden space 113152K, 100% used [0x00000000eaa80000,0x00000000f1900000,0x00000000f1900000)
  from space 22528K, 0% used [0x00000000f1900000,0x00000000f1900000,0x00000000f2f00000)
  to   space 22016K, 0% used [0x00000000f4d00000,0x00000000f4d00000,0x00000000f6280000)
 ParOldGen       total 120832K, used 35272K [0x00000000c0000000, 0x00000000c7600000, 0x00000000eaa80000)
  object space 120832K, 29% used [0x00000000c0000000,0x00000000c2272298,0x00000000c7600000)
 PSPermGen       total 87552K, used 47191K [0x00000000b0000000, 0x00000000b5580000, 0x00000000c0000000)
  object space 87552K, 53% used [0x00000000b0000000,0x00000000b2e15e78,0x00000000b5580000)
Event: 3736.981 GC heap after
Heap after GC invocations=17 (full 5):
 PSYoungGen      total 128000K, used 2080K [0x00000000eaa80000, 0x00000000f4f80000, 0x0000000100000000)
  eden space 125440K, 0% used [0x00000000eaa80000,0x00000000eaa80000,0x00000000f2500000)
  from space 2560K, 81% used [0x00000000f4d00000,0x00000000f4f08020,0x00000000f4f80000)
  to   space 21504K, 0% used [0x00000000f2580000,0x00000000f2580000,0x00000000f3a80000)
 ParOldGen       total 120832K, used 35272K [0x00000000c0000000, 0x00000000c7600000, 0x00000000eaa80000)
  object space 120832K, 29% used [0x00000000c0000000,0x00000000c2272298,0x00000000c7600000)
 PSPermGen       total 87552K, used 47191K [0x00000000b0000000, 0x00000000b5580000, 0x00000000c0000000)
  object space 87552K, 53% used [0x00000000b0000000,0x00000000b2e15e78,0x00000000b5580000)
}
Event: 3746.834 GC heap before
{Heap before GC invocations=18 (full 5):
 PSYoungGen      total 128000K, used 57112K [0x00000000eaa80000, 0x00000000f4f80000, 0x0000000100000000)
  eden space 125440K, 43% used [0x00000000eaa80000,0x00000000ee03e150,0x00000000f2500000)
  from space 2560K, 81% used [0x00000000f4d00000,0x00000000f4f08020,0x00000000f4f80000)
  to   space 21504K, 0% used [0x00000000f2580000,0x00000000f2580000,0x00000000f3a80000)
 ParOldGen       total 120832K, used 35272K [0x00000000c0000000, 0x00000000c7600000, 0x00000000eaa80000)
  object space 120832K, 29% used [0x00000000c0000000,0x00000000c2272298,0x00000000c7600000)
 PSPermGen       total 87552K, used 47771K [0x00000000b0000000, 0x00000000b5580000, 0x00000000c0000000)
  object space 87552K, 54% used [0x00000000b0000000,0x00000000b2ea6f50,0x00000000b5580000)
Event: 3746.987 GC heap after
Heap after GC invocations=18 (full 5):
 PSYoungGen      total 130560K, used 4813K [0x00000000eaa80000, 0x00000000f4d80000, 0x0000000100000000)
  eden space 125440K, 0% used [0x00000000eaa80000,0x00000000eaa80000,0x00000000f2500000)
  from space 5120K, 94% used [0x00000000f2580000,0x00000000f2a33528,0x00000000f2a80000)
  to   space 20480K, 0% used [0x00000000f3980000,0x00000000f3980000,0x00000000f4d80000)
 ParOldGen       total 120832K, used 35272K [0x00000000c0000000, 0x00000000c7600000, 0x00000000eaa80000)
  object space 120832K, 29% used [0x00000000c0000000,0x00000000c2272298,0x00000000c7600000)
 PSPermGen       total 87552K, used 47771K [0x00000000b0000000, 0x00000000b5580000, 0x00000000c0000000)
  object space 87552K, 54% used [0x00000000b0000000,0x00000000b2ea6f50,0x00000000b5580000)
}
Event: 3746.987 GC heap before
{Heap before GC invocations=19 (full 6):
 PSYoungGen      total 130560K, used 4813K [0x00000000eaa80000, 0x00000000f4d80000, 0x0000000100000000)
  eden space 125440K, 0% used [0x00000000eaa80000,0x00000000eaa80000,0x00000000f2500000)
  from space 5120K, 94% used [0x00000000f2580000,0x00000000f2a33528,0x00000000f2a80000)
  to   space 20480K, 0% used [0x00000000f3980000,0x00000000f3980000,0x00000000f4d80000)
 ParOldGen       total 120832K, used 35272K [0x00000000c0000000, 0x00000000c7600000, 0x00000000eaa80000)
  object space 120832K, 29% used [0x00000000c0000000,0x00000000c2272298,0x00000000c7600000)
 PSPermGen       total 87552K, used 47771K [0x00000000b0000000, 0x00000000b5580000, 0x00000000c0000000)
  object space 87552K, 54% used [0x00000000b0000000,0x00000000b2ea6f50,0x00000000b5580000)
Event: 3748.672 GC heap after
Heap after GC invocations=19 (full 6):
 PSYoungGen      total 130560K, used 0K [0x00000000eaa80000, 0x00000000f4d80000, 0x0000000100000000)
  eden space 125440K, 0% used [0x00000000eaa80000,0x00000000eaa80000,0x00000000f2500000)
  from space 5120K, 0% used [0x00000000f2580000,0x00000000f2580000,0x00000000f2a80000)
  to   space 20480K, 0% used [0x00000000f3980000,0x00000000f3980000,0x00000000f4d80000)
 ParOldGen       total 120832K, used 39484K [0x00000000c0000000, 0x00000000c7600000, 0x00000000eaa80000)
  object space 120832K, 32% used [0x00000000c0000000,0x00000000c268f1a8,0x00000000c7600000)
 PSPermGen       total 84992K, used 47752K [0x00000000b0000000, 0x00000000b5300000, 0x00000000c0000000)
  object space 84992K, 56% used [0x00000000b0000000,0x00000000b2ea2210,0x00000000b5300000)
}
Event: 5467.141 GC heap before
{Heap before GC invocations=20 (full 6):
 PSYoungGen      total 130560K, used 125440K [0x00000000eaa80000, 0x00000000f4d80000, 0x0000000100000000)
  eden space 125440K, 100% used [0x00000000eaa80000,0x00000000f2500000,0x00000000f2500000)
  from space 5120K, 0% used [0x00000000f2580000,0x00000000f2580000,0x00000000f2a80000)
  to   space 20480K, 0% used [0x00000000f3980000,0x00000000f3980000,0x00000000f4d80000)
 ParOldGen       total 120832K, used 39484K [0x00000000c0000000, 0x00000000c7600000, 0x00000000eaa80000)
  object space 120832K, 32% used [0x00000000c0000000,0x00000000c268f1a8,0x00000000c7600000)
 PSPermGen       total 84992K, used 47991K [0x00000000b0000000, 0x00000000b5300000, 0x00000000c0000000)
  object space 84992K, 56% used [0x00000000b0000000,0x00000000b2eddd18,0x00000000b5300000)
Event: 5467.154 GC heap after
Heap after GC invocations=20 (full 6):
 PSYoungGen      total 146944K, used 2640K [0x00000000eaa80000, 0x00000000f5680000, 0x0000000100000000)
  eden space 126464K, 0% used [0x00000000eaa80000,0x00000000eaa80000,0x00000000f2600000)
  from space 20480K, 12% used [0x00000000f3980000,0x00000000f3c14010,0x00000000f4d80000)
  to   space 19968K, 0% used [0x00000000f2600000,0x00000000f2600000,0x00000000f3980000)
 ParOldGen       total 120832K, used 39484K [0x00000000c0000000, 0x00000000c7600000, 0x00000000eaa80000)
  object space 120832K, 32% used [0x00000000c0000000,0x00000000c268f1a8,0x00000000c7600000)
 PSPermGen       total 84992K, used 47991K [0x00000000b0000000, 0x00000000b5300000, 0x00000000c0000000)
  object space 84992K, 56% used [0x00000000b0000000,0x00000000b2eddd18,0x00000000b5300000)
}

