# JRE version: Java(TM) SE Runtime Environment (7.0_79-b15) (build 1.7.0_79-b15)
# Java VM: Java HotSpot(TM) 64-Bit Server VM (24.79-b02 mixed mode windows-amd64 compressed oops)
Heap
 PSYoungGen      total 72704K, used 22707K [0x00000000eaa80000, 0x00000000f3a80000, 0x0000000100000000)
  eden space 61952K, 35% used [0x00000000eaa80000,0x00000000ebfb79d0,0x00000000ee700000)
  from space 10752K, 9% used [0x00000000ee700000,0x00000000ee7f5440,0x00000000ef180000)
  to   space 24064K, 0% used [0x00000000f2300000,0x00000000f2300000,0x00000000f3a80000)
 ParOldGen       total 41472K, used 41032K [0x00000000c0000000, 0x00000000c2880000, 0x00000000eaa80000)
  object space 41472K, 98% used [0x00000000c0000000,0x00000000c2812258,0x00000000c2880000)
 PSPermGen       total 21504K, used 6073K [0x00000000bae00000, 0x00000000bc300000, 0x00000000c0000000)
  object space 21504K, 28% used [0x00000000bae00000,0x00000000bb3ee4e8,0x00000000bc300000)
GC Heap History (10 events):
Event: 3.040 GC heap before
{Heap before GC invocations=6 (full 0):
 PSYoungGen      total 34304K, used 34289K [0x00000000eaa80000, 0x00000000efa80000, 0x0000000100000000)
  eden space 31744K, 100% used [0x00000000eaa80000,0x00000000ec980000,0x00000000ec980000)
  from space 2560K, 99% used [0x00000000ec980000,0x00000000ecbfc688,0x00000000ecc00000)
  to   space 9216K, 0% used [0x00000000ef180000,0x00000000ef180000,0x00000000efa80000)
 ParOldGen       total 41472K, used 9317K [0x00000000c0000000, 0x00000000c2880000, 0x00000000eaa80000)
  object space 41472K, 22% used [0x00000000c0000000,0x00000000c0919500,0x00000000c2880000)
 PSPermGen       total 21504K, used 5966K [0x00000000bae00000, 0x00000000bc300000, 0x00000000c0000000)
  object space 21504K, 27% used [0x00000000bae00000,0x00000000bb3d3a30,0x00000000bc300000)
Event: 3.062 GC heap after
Heap after GC invocations=6 (full 0):
 PSYoungGen      total 71168K, used 8395K [0x00000000eaa80000, 0x00000000efd80000, 0x0000000100000000)
  eden space 61952K, 0% used [0x00000000eaa80000,0x00000000eaa80000,0x00000000ee700000)
  from space 9216K, 91% used [0x00000000ef180000,0x00000000ef9b2dd0,0x00000000efa80000)
  to   space 10752K, 0% used [0x00000000ee700000,0x00000000ee700000,0x00000000ef180000)
 ParOldGen       total 41472K, used 9317K [0x00000000c0000000, 0x00000000c2880000, 0x00000000eaa80000)
  object space 41472K, 22% used [0x00000000c0000000,0x00000000c0919500,0x00000000c2880000)
 PSPermGen       total 21504K, used 5966K [0x00000000bae00000, 0x00000000bc300000, 0x00000000c0000000)
  object space 21504K, 27% used [0x00000000bae00000,0x00000000bb3d3a30,0x00000000bc300000)
}
Event: 4.587 GC heap before
{Heap before GC invocations=7 (full 0):
 PSYoungGen      total 71168K, used 70347K [0x00000000eaa80000, 0x00000000efd80000, 0x0000000100000000)
  eden space 61952K, 100% used [0x00000000eaa80000,0x00000000ee700000,0x00000000ee700000)
  from space 9216K, 91% used [0x00000000ef180000,0x00000000ef9b2dd0,0x00000000efa80000)
  to   space 10752K, 0% used [0x00000000ee700000,0x00000000ee700000,0x00000000ef180000)
 ParOldGen       total 41472K, used 9317K [0x00000000c0000000, 0x00000000c2880000, 0x00000000eaa80000)
  object space 41472K, 22% used [0x00000000c0000000,0x00000000c0919500,0x00000000c2880000)
 PSPermGen       total 21504K, used 6004K [0x00000000bae00000, 0x00000000bc300000, 0x00000000c0000000)
  object space 21504K, 27% used [0x00000000bae00000,0x00000000bb3dd0c0,0x00000000bc300000)
Event: 4.637 GC heap after
Heap after GC invocations=7 (full 0):
 PSYoungGen      total 72704K, used 10740K [0x00000000eaa80000, 0x00000000efd80000, 0x0000000100000000)
  eden space 61952K, 0% used [0x00000000eaa80000,0x00000000eaa80000,0x00000000ee700000)
  from space 10752K, 99% used [0x00000000ee700000,0x00000000ef17d170,0x00000000ef180000)
  to   space 9216K, 0% used [0x00000000ef180000,0x00000000ef180000,0x00000000efa80000)
 ParOldGen       total 41472K, used 14804K [0x00000000c0000000, 0x00000000c2880000, 0x00000000eaa80000)
  object space 41472K, 35% used [0x00000000c0000000,0x00000000c0e75098,0x00000000c2880000)
 PSPermGen       total 21504K, used 6004K [0x00000000bae00000, 0x00000000bc300000, 0x00000000c0000000)
  object space 21504K, 27% used [0x00000000bae00000,0x00000000bb3dd0c0,0x00000000bc300000)
}
Event: 5.452 GC heap before
{Heap before GC invocations=8 (full 0):
 PSYoungGen      total 72704K, used 72692K [0x00000000eaa80000, 0x00000000efd80000, 0x0000000100000000)
  eden space 61952K, 100% used [0x00000000eaa80000,0x00000000ee700000,0x00000000ee700000)
  from space 10752K, 99% used [0x00000000ee700000,0x00000000ef17d170,0x00000000ef180000)
  to   space 9216K, 0% used [0x00000000ef180000,0x00000000ef180000,0x00000000efa80000)
 ParOldGen       total 41472K, used 14804K [0x00000000c0000000, 0x00000000c2880000, 0x00000000eaa80000)
  object space 41472K, 35% used [0x00000000c0000000,0x00000000c0e75098,0x00000000c2880000)
 PSPermGen       total 21504K, used 6040K [0x00000000bae00000, 0x00000000bc300000, 0x00000000c0000000)
  object space 21504K, 28% used [0x00000000bae00000,0x00000000bb3e6350,0x00000000bc300000)
Event: 5.486 GC heap after
Heap after GC invocations=8 (full 0):
 PSYoungGen      total 71168K, used 9201K [0x00000000eaa80000, 0x00000000efd80000, 0x0000000100000000)
  eden space 61952K, 0% used [0x00000000eaa80000,0x00000000eaa80000,0x00000000ee700000)
  from space 9216K, 99% used [0x00000000ef180000,0x00000000efa7c5c8,0x00000000efa80000)
  to   space 10752K, 0% used [0x00000000ee700000,0x00000000ee700000,0x00000000ef180000)
 ParOldGen       total 41472K, used 26447K [0x00000000c0000000, 0x00000000c2880000, 0x00000000eaa80000)
  object space 41472K, 63% used [0x00000000c0000000,0x00000000c19d3f18,0x00000000c2880000)
 PSPermGen       total 21504K, used 6040K [0x00000000bae00000, 0x00000000bc300000, 0x00000000c0000000)
  object space 21504K, 28% used [0x00000000bae00000,0x00000000bb3e6350,0x00000000bc300000)
}
Event: 6.242 GC heap before
{Heap before GC invocations=9 (full 0):
 PSYoungGen      total 71168K, used 71153K [0x00000000eaa80000, 0x00000000efd80000, 0x0000000100000000)
  eden space 61952K, 100% used [0x00000000eaa80000,0x00000000ee700000,0x00000000ee700000)
  from space 9216K, 99% used [0x00000000ef180000,0x00000000efa7c5c8,0x00000000efa80000)
  to   space 10752K, 0% used [0x00000000ee700000,0x00000000ee700000,0x00000000ef180000)
 ParOldGen       total 41472K, used 26447K [0x00000000c0000000, 0x00000000c2880000, 0x00000000eaa80000)
  object space 41472K, 63% used [0x00000000c0000000,0x00000000c19d3f18,0x00000000c2880000)
 PSPermGen       total 21504K, used 6069K [0x00000000bae00000, 0x00000000bc300000, 0x00000000c0000000)
  object space 21504K, 28% used [0x00000000bae00000,0x00000000bb3ed740,0x00000000bc300000)
Event: 6.276 GC heap after
Heap after GC invocations=9 (full 0):
 PSYoungGen      total 72704K, used 10720K [0x00000000eaa80000, 0x00000000f3a80000, 0x0000000100000000)
  eden space 61952K, 0% used [0x00000000eaa80000,0x00000000eaa80000,0x00000000ee700000)
  from space 10752K, 99% used [0x00000000ee700000,0x00000000ef178380,0x00000000ef180000)
  to   space 24064K, 0% used [0x00000000f2300000,0x00000000f2300000,0x00000000f3a80000)
 ParOldGen       total 41472K, used 34484K [0x00000000c0000000, 0x00000000c2880000, 0x00000000eaa80000)
  object space 41472K, 83% used [0x00000000c0000000,0x00000000c21ad018,0x00000000c2880000)
 PSPermGen       total 21504K, used 6069K [0x00000000bae00000, 0x00000000bc300000, 0x00000000c0000000)
  object space 21504K, 28% used [0x00000000bae00000,0x00000000bb3ed740,0x00000000bc300000)
}
Event: 6.276 GC heap before
{Heap before GC invocations=10 (full 1):
 PSYoungGen      total 72704K, used 10720K [0x00000000eaa80000, 0x00000000f3a80000, 0x0000000100000000)
  eden space 61952K, 0% used [0x00000000eaa80000,0x00000000eaa80000,0x00000000ee700000)
  from space 10752K, 99% used [0x00000000ee700000,0x00000000ef178380,0x00000000ef180000)
  to   space 24064K, 0% used [0x00000000f2300000,0x00000000f2300000,0x00000000f3a80000)
 ParOldGen       total 41472K, used 34484K [0x00000000c0000000, 0x00000000c2880000, 0x00000000eaa80000)
  object space 41472K, 83% used [0x00000000c0000000,0x00000000c21ad018,0x00000000c2880000)
 PSPermGen       total 21504K, used 6069K [0x00000000bae00000, 0x00000000bc300000, 0x00000000c0000000)
  object space 21504K, 28% used [0x00000000bae00000,0x00000000bb3ed740,0x00000000bc300000)
Event: 6.739 GC heap after
Heap after GC invocations=10 (full 1):
 PSYoungGen      total 72704K, used 981K [0x00000000eaa80000, 0x00000000f3a80000, 0x0000000100000000)
  eden space 61952K, 0% used [0x00000000eaa80000,0x00000000eaa80000,0x00000000ee700000)
  from space 10752K, 9% used [0x00000000ee700000,0x00000000ee7f5440,0x00000000ef180000)
  to   space 24064K, 0% used [0x00000000f2300000,0x00000000f2300000,0x00000000f3a80000)
 ParOldGen       total 41472K, used 41032K [0x00000000c0000000, 0x00000000c2880000, 0x00000000eaa80000)
  object space 41472K, 98% used [0x00000000c0000000,0x00000000c2812258,0x00000000c2880000)
 PSPermGen       total 21504K, used 6066K [0x00000000bae00000, 0x00000000bc300000, 0x00000000c0000000)
  object space 21504K, 28% used [0x00000000bae00000,0x00000000bb3ec820,0x00000000bc300000)
}

