# JRE version: Java(TM) SE Runtime Environment (7.0_79-b15) (build 1.7.0_79-b15)
# Java VM: Java HotSpot(TM) 64-Bit Server VM (24.79-b02 mixed mode windows-amd64 compressed oops)
Heap
 PSYoungGen      total 138752K, used 117760K [0x00000000eaa80000, 0x00000000f4b80000, 0x0000000100000000)
  eden space 117760K, 100% used [0x00000000eaa80000,0x00000000f1d80000,0x00000000f1d80000)
  from space 20992K, 0% used [0x00000000f1d80000,0x00000000f1d80000,0x00000000f3200000)
  to   space 15872K, 0% used [0x00000000f3200000,0x00000000f3200000,0x00000000f4180000)
 ParOldGen       total 41472K, used 41134K [0x00000000c0000000, 0x00000000c2880000, 0x00000000eaa80000)
  object space 41472K, 99% used [0x00000000c0000000,0x00000000c282baa0,0x00000000c2880000)
 PSPermGen       total 21504K, used 6177K [0x00000000bae00000, 0x00000000bc300000, 0x00000000c0000000)
  object space 21504K, 28% used [0x00000000bae00000,0x00000000bb408580,0x00000000bc300000)
GC Heap History (10 events):
Event: 12.593 GC heap after
Heap after GC invocations=15 (full 6):
 PSYoungGen      total 138752K, used 66583K [0x00000000eaa80000, 0x00000000f4b80000, 0x0000000100000000)
  eden space 117760K, 56% used [0x00000000eaa80000,0x00000000eeb85ee0,0x00000000f1d80000)
  from space 20992K, 0% used [0x00000000f1d80000,0x00000000f1d80000,0x00000000f3200000)
  to   space 15872K, 0% used [0x00000000f3200000,0x00000000f3200000,0x00000000f4180000)
 ParOldGen       total 41472K, used 41138K [0x00000000c0000000, 0x00000000c2880000, 0x00000000eaa80000)
  object space 41472K, 99% used [0x00000000c0000000,0x00000000c282cab0,0x00000000c2880000)
 PSPermGen       total 21504K, used 6157K [0x00000000bae00000, 0x00000000bc300000, 0x00000000c0000000)
  object space 21504K, 28% used [0x00000000bae00000,0x00000000bb4035c0,0x00000000bc300000)
}
Event: 12.836 GC heap before
{Heap before GC invocations=16 (full 7):
 PSYoungGen      total 138752K, used 117760K [0x00000000eaa80000, 0x00000000f4b80000, 0x0000000100000000)
  eden space 117760K, 100% used [0x00000000eaa80000,0x00000000f1d80000,0x00000000f1d80000)
  from space 20992K, 0% used [0x00000000f1d80000,0x00000000f1d80000,0x00000000f3200000)
  to   space 15872K, 0% used [0x00000000f3200000,0x00000000f3200000,0x00000000f4180000)
 ParOldGen       total 41472K, used 41138K [0x00000000c0000000, 0x00000000c2880000, 0x00000000eaa80000)
  object space 41472K, 99% used [0x00000000c0000000,0x00000000c282cab0,0x00000000c2880000)
 PSPermGen       total 21504K, used 6163K [0x00000000bae00000, 0x00000000bc300000, 0x00000000c0000000)
  object space 21504K, 28% used [0x00000000bae00000,0x00000000bb404d28,0x00000000bc300000)
Event: 13.285 GC heap after
Heap after GC invocations=16 (full 7):
 PSYoungGen      total 138752K, used 74312K [0x00000000eaa80000, 0x00000000f4b80000, 0x0000000100000000)
  eden space 117760K, 63% used [0x00000000eaa80000,0x00000000ef312050,0x00000000f1d80000)
  from space 20992K, 0% used [0x00000000f1d80000,0x00000000f1d80000,0x00000000f3200000)
  to   space 15872K, 0% used [0x00000000f3200000,0x00000000f3200000,0x00000000f4180000)
 ParOldGen       total 41472K, used 41138K [0x00000000c0000000, 0x00000000c2880000, 0x00000000eaa80000)
  object space 41472K, 99% used [0x00000000c0000000,0x00000000c282cab0,0x00000000c2880000)
 PSPermGen       total 21504K, used 6163K [0x00000000bae00000, 0x00000000bc300000, 0x00000000c0000000)
  object space 21504K, 28% used [0x00000000bae00000,0x00000000bb404ce8,0x00000000bc300000)
}
Event: 13.495 GC heap before
{Heap before GC invocations=17 (full 8):
 PSYoungGen      total 138752K, used 117760K [0x00000000eaa80000, 0x00000000f4b80000, 0x0000000100000000)
  eden space 117760K, 100% used [0x00000000eaa80000,0x00000000f1d80000,0x00000000f1d80000)
  from space 20992K, 0% used [0x00000000f1d80000,0x00000000f1d80000,0x00000000f3200000)
  to   space 15872K, 0% used [0x00000000f3200000,0x00000000f3200000,0x00000000f4180000)
 ParOldGen       total 41472K, used 41138K [0x00000000c0000000, 0x00000000c2880000, 0x00000000eaa80000)
  object space 41472K, 99% used [0x00000000c0000000,0x00000000c282cab0,0x00000000c2880000)
 PSPermGen       total 21504K, used 6168K [0x00000000bae00000, 0x00000000bc300000, 0x00000000c0000000)
  object space 21504K, 28% used [0x00000000bae00000,0x00000000bb4060a0,0x00000000bc300000)
Event: 13.983 GC heap after
Heap after GC invocations=17 (full 8):
 PSYoungGen      total 138752K, used 80633K [0x00000000eaa80000, 0x00000000f4b80000, 0x0000000100000000)
  eden space 117760K, 68% used [0x00000000eaa80000,0x00000000ef93e618,0x00000000f1d80000)
  from space 20992K, 0% used [0x00000000f1d80000,0x00000000f1d80000,0x00000000f3200000)
  to   space 15872K, 0% used [0x00000000f3200000,0x00000000f3200000,0x00000000f4180000)
 ParOldGen       total 41472K, used 41134K [0x00000000c0000000, 0x00000000c2880000, 0x00000000eaa80000)
  object space 41472K, 99% used [0x00000000c0000000,0x00000000c282baa0,0x00000000c2880000)
 PSPermGen       total 21504K, used 6168K [0x00000000bae00000, 0x00000000bc300000, 0x00000000c0000000)
  object space 21504K, 28% used [0x00000000bae00000,0x00000000bb4060a0,0x00000000bc300000)
}
Event: 14.169 GC heap before
{Heap before GC invocations=18 (full 9):
 PSYoungGen      total 138752K, used 117760K [0x00000000eaa80000, 0x00000000f4b80000, 0x0000000100000000)
  eden space 117760K, 100% used [0x00000000eaa80000,0x00000000f1d80000,0x00000000f1d80000)
  from space 20992K, 0% used [0x00000000f1d80000,0x00000000f1d80000,0x00000000f3200000)
  to   space 15872K, 0% used [0x00000000f3200000,0x00000000f3200000,0x00000000f4180000)
 ParOldGen       total 41472K, used 41134K [0x00000000c0000000, 0x00000000c2880000, 0x00000000eaa80000)
  object space 41472K, 99% used [0x00000000c0000000,0x00000000c282baa0,0x00000000c2880000)
 PSPermGen       total 21504K, used 6171K [0x00000000bae00000, 0x00000000bc300000, 0x00000000c0000000)
  object space 21504K, 28% used [0x00000000bae00000,0x00000000bb406e60,0x00000000bc300000)
Event: 14.603 GC heap after
Heap after GC invocations=18 (full 9):
 PSYoungGen      total 138752K, used 85995K [0x00000000eaa80000, 0x00000000f4b80000, 0x0000000100000000)
  eden space 117760K, 73% used [0x00000000eaa80000,0x00000000efe7af38,0x00000000f1d80000)
  from space 20992K, 0% used [0x00000000f1d80000,0x00000000f1d80000,0x00000000f3200000)
  to   space 15872K, 0% used [0x00000000f3200000,0x00000000f3200000,0x00000000f4180000)
 ParOldGen       total 41472K, used 41134K [0x00000000c0000000, 0x00000000c2880000, 0x00000000eaa80000)
  object space 41472K, 99% used [0x00000000c0000000,0x00000000c282baa0,0x00000000c2880000)
 PSPermGen       total 21504K, used 6171K [0x00000000bae00000, 0x00000000bc300000, 0x00000000c0000000)
  object space 21504K, 28% used [0x00000000bae00000,0x00000000bb406e40,0x00000000bc300000)
}
Event: 14.712 GC heap before
{Heap before GC invocations=19 (full 10):
 PSYoungGen      total 138752K, used 117760K [0x00000000eaa80000, 0x00000000f4b80000, 0x0000000100000000)
  eden space 117760K, 100% used [0x00000000eaa80000,0x00000000f1d80000,0x00000000f1d80000)
  from space 20992K, 0% used [0x00000000f1d80000,0x00000000f1d80000,0x00000000f3200000)
  to   space 15872K, 0% used [0x00000000f3200000,0x00000000f3200000,0x00000000f4180000)
 ParOldGen       total 41472K, used 41134K [0x00000000c0000000, 0x00000000c2880000, 0x00000000eaa80000)
  object space 41472K, 99% used [0x00000000c0000000,0x00000000c282baa0,0x00000000c2880000)
 PSPermGen       total 21504K, used 6176K [0x00000000bae00000, 0x00000000bc300000, 0x00000000c0000000)
  object space 21504K, 28% used [0x00000000bae00000,0x00000000bb4080f8,0x00000000bc300000)
Event: 15.381 GC heap after
Heap after GC invocations=19 (full 10):
 PSYoungGen      total 138752K, used 90618K [0x00000000eaa80000, 0x00000000f4b80000, 0x0000000100000000)
  eden space 117760K, 76% used [0x00000000eaa80000,0x00000000f02feb30,0x00000000f1d80000)
  from space 20992K, 0% used [0x00000000f1d80000,0x00000000f1d80000,0x00000000f3200000)
  to   space 15872K, 0% used [0x00000000f3200000,0x00000000f3200000,0x00000000f4180000)
 ParOldGen       total 41472K, used 41134K [0x00000000c0000000, 0x00000000c2880000, 0x00000000eaa80000)
  object space 41472K, 99% used [0x00000000c0000000,0x00000000c282baa0,0x00000000c2880000)
 PSPermGen       total 21504K, used 6176K [0x00000000bae00000, 0x00000000bc300000, 0x00000000c0000000)
  object space 21504K, 28% used [0x00000000bae00000,0x00000000bb4080d8,0x00000000bc300000)
}
Event: 15.599 GC heap before
{Heap before GC invocations=20 (full 11):
 PSYoungGen      total 138752K, used 117760K [0x00000000eaa80000, 0x00000000f4b80000, 0x0000000100000000)
  eden space 117760K, 100% used [0x00000000eaa80000,0x00000000f1d80000,0x00000000f1d80000)
  from space 20992K, 0% used [0x00000000f1d80000,0x00000000f1d80000,0x00000000f3200000)
  to   space 15872K, 0% used [0x00000000f3200000,0x00000000f3200000,0x00000000f4180000)
 ParOldGen       total 41472K, used 41134K [0x00000000c0000000, 0x00000000c2880000, 0x00000000eaa80000)
  object space 41472K, 99% used [0x00000000c0000000,0x00000000c282baa0,0x00000000c2880000)
 PSPermGen       total 21504K, used 6177K [0x00000000bae00000, 0x00000000bc300000, 0x00000000c0000000)
  object space 21504K, 28% used [0x00000000bae00000,0x00000000bb408580,0x00000000bc300000)

